<?xml version="1.0" encoding="UTF-8"?>
<testsuite name="com.example.demo.web.WebTests" tests="3" skipped="0" failures="0" errors="0" timestamp="2023-06-14T19:18:38" hostname="DESKTOP-J6OH6VC" time="0.134">
  <properties/>
  <testcase name="ajouterVoiture()" classname="com.example.demo.web.WebTests" time="0.081"/>
  <testcase name="testZeroVoiture()" classname="com.example.demo.web.WebTests" time="0.011"/>
  <testcase name="getStatistiques()" classname="com.example.demo.web.WebTests" time="0.04"/>
  <system-out><![CDATA[2023-06-14 21:18:38.287  INFO 6516 --- [    Test worker] .b.t.c.SpringBootTestContextBootstrapper : Neither @ContextConfiguration nor @ContextHierarchy found for test class [com.example.demo.web.WebTests], using SpringBootContextLoader
2023-06-14 21:18:38.288  INFO 6516 --- [    Test worker] o.s.t.c.support.AbstractContextLoader    : Could not detect default resource locations for test class [com.example.demo.web.WebTests]: no resource found for suffixes {-context.xml, Context.groovy}.
2023-06-14 21:18:38.288  INFO 6516 --- [    Test worker] t.c.s.AnnotationConfigContextLoaderUtils : Could not detect default configuration classes for test class [com.example.demo.web.WebTests]: WebTests does not declare any static, non-private, non-final, nested classes annotated with @Configuration.
2023-06-14 21:18:38.297  INFO 6516 --- [    Test worker] .b.t.c.SpringBootTestContextBootstrapper : Found @SpringBootConfiguration com.example.demo.DemoApplication for test class com.example.demo.web.WebTests
2023-06-14 21:18:38.298  INFO 6516 --- [    Test worker] .b.t.c.SpringBootTestContextBootstrapper : Loaded default TestExecutionListener class names from location [META-INF/spring.factories]: [org.springframework.boot.test.autoconfigure.restdocs.RestDocsTestExecutionListener, org.springframework.boot.test.autoconfigure.web.client.MockRestServiceServerResetTestExecutionListener, org.springframework.boot.test.autoconfigure.web.servlet.MockMvcPrintOnlyOnFailureTestExecutionListener, org.springframework.boot.test.autoconfigure.web.servlet.WebDriverTestExecutionListener, org.springframework.boot.test.autoconfigure.webservices.client.MockWebServiceServerTestExecutionListener, org.springframework.boot.test.mock.mockito.MockitoTestExecutionListener, org.springframework.boot.test.mock.mockito.ResetMocksTestExecutionListener, org.springframework.test.context.web.ServletTestExecutionListener, org.springframework.test.context.support.DirtiesContextBeforeModesTestExecutionListener, org.springframework.test.context.event.ApplicationEventsTestExecutionListener, org.springframework.test.context.support.DependencyInjectionTestExecutionListener, org.springframework.test.context.support.DirtiesContextTestExecutionListener, org.springframework.test.context.transaction.TransactionalTestExecutionListener, org.springframework.test.context.jdbc.SqlScriptsTestExecutionListener, org.springframework.test.context.event.EventPublishingTestExecutionListener]
2023-06-14 21:18:38.298  INFO 6516 --- [    Test worker] .b.t.c.SpringBootTestContextBootstrapper : Using TestExecutionListeners: [org.springframework.test.context.web.ServletTestExecutionListener@77902ed6, org.springframework.test.context.support.DirtiesContextBeforeModesTestExecutionListener@1c0a4f87, org.springframework.test.context.event.ApplicationEventsTestExecutionListener@5f5076f9, org.springframework.boot.test.mock.mockito.MockitoTestExecutionListener@19439ec4, org.springframework.boot.test.autoconfigure.SpringBootDependencyInjectionTestExecutionListener@6f53f5a4, org.springframework.test.context.support.DirtiesContextTestExecutionListener@21ebf9be, org.springframework.test.context.transaction.TransactionalTestExecutionListener@7d50b4c4, org.springframework.test.context.jdbc.SqlScriptsTestExecutionListener@7860a014, org.springframework.test.context.event.EventPublishingTestExecutionListener@86e8469, org.springframework.boot.test.autoconfigure.restdocs.RestDocsTestExecutionListener@76b6bad3, org.springframework.boot.test.autoconfigure.web.client.MockRestServiceServerResetTestExecutionListener@e38d655, org.springframework.boot.test.autoconfigure.web.servlet.MockMvcPrintOnlyOnFailureTestExecutionListener@7325b786, org.springframework.boot.test.autoconfigure.web.servlet.WebDriverTestExecutionListener@f943847, org.springframework.boot.test.autoconfigure.webservices.client.MockWebServiceServerTestExecutionListener@4c376b44, org.springframework.boot.test.mock.mockito.ResetMocksTestExecutionListener@47596e9]

  .   ____          _            __ _ _
 /\\ / ___'_ __ _ _(_)_ __  __ _ \ \ \ \
( ( )\___ | '_ | '_| | '_ \/ _` | \ \ \ \
 \\/  ___)| |_)| | | | | || (_| |  ) ) ) )
  '  |____| .__|_| |_|_| |_\__, | / / / /
 =========|_|==============|___/=/_/_/_/
 :: Spring Boot ::                (v2.7.5)

2023-06-14 21:18:38.312  INFO 6516 --- [    Test worker] com.example.demo.web.WebTests            : Starting WebTests using Java 11.0.19 on DESKTOP-J6OH6VC with PID 6516 (started by solia in E:\TOUT\Code\essai1-main)
2023-06-14 21:18:38.312  INFO 6516 --- [    Test worker] com.example.demo.web.WebTests            : No active profile set, falling back to 1 default profile: "default"
2023-06-14 21:18:38.420  INFO 6516 --- [    Test worker] .s.d.r.c.RepositoryConfigurationDelegate : Bootstrapping Spring Data JPA repositories in DEFAULT mode.
2023-06-14 21:18:38.426  INFO 6516 --- [    Test worker] .s.d.r.c.RepositoryConfigurationDelegate : Finished Spring Data repository scanning in 5 ms. Found 1 JPA repository interfaces.
2023-06-14 21:18:38.501  INFO 6516 --- [    Test worker] com.zaxxer.hikari.HikariDataSource       : HikariPool-4 - Starting...
2023-06-14 21:18:38.502  INFO 6516 --- [    Test worker] com.zaxxer.hikari.HikariDataSource       : HikariPool-4 - Start completed.
2023-06-14 21:18:38.509  INFO 6516 --- [    Test worker] o.hibernate.jpa.internal.util.LogHelper  : HHH000204: Processing PersistenceUnitInfo [name: default]
2023-06-14 21:18:38.513  INFO 6516 --- [    Test worker] org.hibernate.dialect.Dialect            : HHH000400: Using dialect: org.hibernate.dialect.H2Dialect
2023-06-14 21:18:38.529  INFO 6516 --- [    Test worker] o.h.e.t.j.p.i.JtaPlatformInitiator       : HHH000490: Using JtaPlatform implementation: [org.hibernate.engine.transaction.jta.platform.internal.NoJtaPlatform]
2023-06-14 21:18:38.529  INFO 6516 --- [    Test worker] j.LocalContainerEntityManagerFactoryBean : Initialized JPA EntityManagerFactory for persistence unit 'default'
2023-06-14 21:18:38.586  WARN 6516 --- [    Test worker] JpaBaseConfiguration$JpaWebConfiguration : spring.jpa.open-in-view is enabled by default. Therefore, database queries may be performed during view rendering. Explicitly configure spring.jpa.open-in-view to disable this warning
2023-06-14 21:18:38.797  INFO 6516 --- [    Test worker] o.s.b.t.m.w.SpringBootMockServletContext : Initializing Spring TestDispatcherServlet ''
2023-06-14 21:18:38.797  INFO 6516 --- [    Test worker] o.s.t.web.servlet.TestDispatcherServlet  : Initializing Servlet ''
2023-06-14 21:18:38.798  INFO 6516 --- [    Test worker] o.s.t.web.servlet.TestDispatcherServlet  : Completed initialization in 1 ms
2023-06-14 21:18:38.802  INFO 6516 --- [    Test worker] com.example.demo.web.WebTests            : Started WebTests in 0.502 seconds (JVM running for 6.95)

MockHttpServletRequest:
      HTTP Method = GET
      Request URI = /statistique
       Parameters = {}
          Headers = []
             Body = null
    Session Attrs = {}

Handler:
             Type = com.example.demo.web.StatistiqueController
           Method = com.example.demo.web.StatistiqueController#getStatistiques()

Async:
    Async started = false
     Async result = null

Resolved Exception:
             Type = null

ModelAndView:
        View name = null
             View = null
            Model = null

FlashMap:
       Attributes = null

MockHttpServletResponse:
           Status = 200
    Error message = null
          Headers = [Content-Type:"application/json"]
     Content type = application/json
             Body = {"nombreDeVoitures":1,"prixMoyen":5000}
    Forwarded URL = null
   Redirected URL = null
          Cookies = []
]]></system-out>
  <system-err><![CDATA[]]></system-err>
</testsuite>
