<?xml version="1.0" encoding="UTF-8"?>
<testsuite name="com.example.demo.data.VoitureTest" tests="1" skipped="0" failures="0" errors="0" timestamp="2023-06-14T19:18:37" hostname="DESKTOP-J6OH6VC" time="0.003">
  <properties/>
  <testcase name="creerVoiture()" classname="com.example.demo.data.VoitureTest" time="0.003"/>
  <system-out><![CDATA[2023-06-14 21:18:36.774  INFO 6516 --- [    Test worker] .b.t.c.SpringBootTestContextBootstrapper : Neither @ContextConfiguration nor @ContextHierarchy found for test class [com.example.demo.data.VoitureTest], using SpringBootContextLoader
2023-06-14 21:18:36.775  INFO 6516 --- [    Test worker] o.s.t.c.support.AbstractContextLoader    : Could not detect default resource locations for test class [com.example.demo.data.VoitureTest]: no resource found for suffixes {-context.xml, Context.groovy}.
2023-06-14 21:18:36.775  INFO 6516 --- [    Test worker] t.c.s.AnnotationConfigContextLoaderUtils : Could not detect default configuration classes for test class [com.example.demo.data.VoitureTest]: VoitureTest does not declare any static, non-private, non-final, nested classes annotated with @Configuration.
2023-06-14 21:18:36.778  INFO 6516 --- [    Test worker] .b.t.c.SpringBootTestContextBootstrapper : Found @SpringBootConfiguration com.example.demo.DemoApplication for test class com.example.demo.data.VoitureTest
2023-06-14 21:18:36.783  INFO 6516 --- [    Test worker] .b.t.c.SpringBootTestContextBootstrapper : Loaded default TestExecutionListener class names from location [META-INF/spring.factories]: [org.springframework.boot.test.autoconfigure.restdocs.RestDocsTestExecutionListener, org.springframework.boot.test.autoconfigure.web.client.MockRestServiceServerResetTestExecutionListener, org.springframework.boot.test.autoconfigure.web.servlet.MockMvcPrintOnlyOnFailureTestExecutionListener, org.springframework.boot.test.autoconfigure.web.servlet.WebDriverTestExecutionListener, org.springframework.boot.test.autoconfigure.webservices.client.MockWebServiceServerTestExecutionListener, org.springframework.boot.test.mock.mockito.MockitoTestExecutionListener, org.springframework.boot.test.mock.mockito.ResetMocksTestExecutionListener, org.springframework.test.context.web.ServletTestExecutionListener, org.springframework.test.context.support.DirtiesContextBeforeModesTestExecutionListener, org.springframework.test.context.event.ApplicationEventsTestExecutionListener, org.springframework.test.context.support.DependencyInjectionTestExecutionListener, org.springframework.test.context.support.DirtiesContextTestExecutionListener, org.springframework.test.context.transaction.TransactionalTestExecutionListener, org.springframework.test.context.jdbc.SqlScriptsTestExecutionListener, org.springframework.test.context.event.EventPublishingTestExecutionListener]
2023-06-14 21:18:36.784  INFO 6516 --- [    Test worker] .b.t.c.SpringBootTestContextBootstrapper : Using TestExecutionListeners: [org.springframework.test.context.web.ServletTestExecutionListener@614ae4eb, org.springframework.test.context.support.DirtiesContextBeforeModesTestExecutionListener@2cd31214, org.springframework.test.context.event.ApplicationEventsTestExecutionListener@594f508f, org.springframework.boot.test.mock.mockito.MockitoTestExecutionListener@6b6939e1, org.springframework.boot.test.autoconfigure.SpringBootDependencyInjectionTestExecutionListener@5d32f5db, org.springframework.test.context.support.DirtiesContextTestExecutionListener@69c51fdb, org.springframework.test.context.transaction.TransactionalTestExecutionListener@4aadf144, org.springframework.test.context.jdbc.SqlScriptsTestExecutionListener@68a97fc1, org.springframework.test.context.event.EventPublishingTestExecutionListener@227fc322, org.springframework.boot.test.autoconfigure.restdocs.RestDocsTestExecutionListener@63053b71, org.springframework.boot.test.autoconfigure.web.client.MockRestServiceServerResetTestExecutionListener@4687c184, org.springframework.boot.test.autoconfigure.web.servlet.MockMvcPrintOnlyOnFailureTestExecutionListener@65f3f9e2, org.springframework.boot.test.autoconfigure.web.servlet.WebDriverTestExecutionListener@394950ad, org.springframework.boot.test.autoconfigure.webservices.client.MockWebServiceServerTestExecutionListener@73dd3a46, org.springframework.boot.test.mock.mockito.ResetMocksTestExecutionListener@bae5e58]

  .   ____          _            __ _ _
 /\\ / ___'_ __ _ _(_)_ __  __ _ \ \ \ \
( ( )\___ | '_ | '_| | '_ \/ _` | \ \ \ \
 \\/  ___)| |_)| | | | | || (_| |  ) ) ) )
  '  |____| .__|_| |_|_| |_\__, | / / / /
 =========|_|==============|___/=/_/_/_/
 :: Spring Boot ::                (v2.7.5)

2023-06-14 21:18:36.824  INFO 6516 --- [    Test worker] com.example.demo.data.VoitureTest        : Starting VoitureTest using Java 11.0.19 on DESKTOP-J6OH6VC with PID 6516 (started by solia in E:\TOUT\Code\essai1-main)
2023-06-14 21:18:36.824  INFO 6516 --- [    Test worker] com.example.demo.data.VoitureTest        : No active profile set, falling back to 1 default profile: "default"
2023-06-14 21:18:37.024  INFO 6516 --- [    Test worker] .s.d.r.c.RepositoryConfigurationDelegate : Bootstrapping Spring Data JPA repositories in DEFAULT mode.
2023-06-14 21:18:37.035  INFO 6516 --- [    Test worker] .s.d.r.c.RepositoryConfigurationDelegate : Finished Spring Data repository scanning in 10 ms. Found 1 JPA repository interfaces.
2023-06-14 21:18:37.174  INFO 6516 --- [    Test worker] com.zaxxer.hikari.HikariDataSource       : HikariPool-2 - Starting...
2023-06-14 21:18:37.175  INFO 6516 --- [    Test worker] com.zaxxer.hikari.HikariDataSource       : HikariPool-2 - Start completed.
2023-06-14 21:18:37.189  INFO 6516 --- [    Test worker] o.hibernate.jpa.internal.util.LogHelper  : HHH000204: Processing PersistenceUnitInfo [name: default]
2023-06-14 21:18:37.195  INFO 6516 --- [    Test worker] org.hibernate.dialect.Dialect            : HHH000400: Using dialect: org.hibernate.dialect.H2Dialect
2023-06-14 21:18:37.220  INFO 6516 --- [    Test worker] o.h.e.t.j.p.i.JtaPlatformInitiator       : HHH000490: Using JtaPlatform implementation: [org.hibernate.engine.transaction.jta.platform.internal.NoJtaPlatform]
2023-06-14 21:18:37.220  INFO 6516 --- [    Test worker] j.LocalContainerEntityManagerFactoryBean : Initialized JPA EntityManagerFactory for persistence unit 'default'
2023-06-14 21:18:37.535  WARN 6516 --- [    Test worker] JpaBaseConfiguration$JpaWebConfiguration : spring.jpa.open-in-view is enabled by default. Therefore, database queries may be performed during view rendering. Explicitly configure spring.jpa.open-in-view to disable this warning
2023-06-14 21:18:37.740  INFO 6516 --- [    Test worker] com.example.demo.data.VoitureTest        : Started VoitureTest in 0.954 seconds (JVM running for 5.888)
]]></system-out>
  <system-err><![CDATA[]]></system-err>
</testsuite>
